[ 2023-04-19T14:53:57+08:00 ] 127.0.0.1 /Home/Index/index
NOTIC: [8] Use of undefined constant id - assumed 'id' /Users/xingyoulin/www/gdio/App/Runtime/Cache/Home/2e4beb93ad522d2e6e616c2879334b0f 第 40 行.
NOTIC: [8] Undefined variable: pid_cate /Users/xingyoulin/www/gdio/App/Runtime/Cache/Home/2e4beb93ad522d2e6e616c2879334b0f 第 40 行.
NOTIC: [8] Use of undefined constant id - assumed 'id' /Users/xingyoulin/www/gdio/App/Runtime/Cache/Home/2e4beb93ad522d2e6e616c2879334b0f 第 40 行.
NOTIC: [8] Use of undefined constant id - assumed 'id' /Users/xingyoulin/www/gdio/App/Runtime/Cache/Home/2e4beb93ad522d2e6e616c2879334b0f 第 40 行.
NOTIC: [8] Undefined variable: pid_cate /Users/xingyoulin/www/gdio/App/Runtime/Cache/Home/2e4beb93ad522d2e6e616c2879334b0f 第 40 行.
NOTIC: [8] Use of undefined constant id - assumed 'id' /Users/xingyoulin/www/gdio/App/Runtime/Cache/Home/2e4beb93ad522d2e6e616c2879334b0f 第 40 行.
NOTIC: [8] Use of undefined constant id - assumed 'id' /Users/xingyoulin/www/gdio/App/Runtime/Cache/Home/2e4beb93ad522d2e6e616c2879334b0f 第 40 行.
NOTIC: [8] Undefined variable: pid_cate /Users/xingyoulin/www/gdio/App/Runtime/Cache/Home/2e4beb93ad522d2e6e616c2879334b0f 第 40 行.
NOTIC: [8] Use of undefined constant id - assumed 'id' /Users/xingyoulin/www/gdio/App/Runtime/Cache/Home/2e4beb93ad522d2e6e616c2879334b0f 第 40 行.
NOTIC: [8] Use of undefined constant id - assumed 'id' /Users/xingyoulin/www/gdio/App/Runtime/Cache/Home/2e4beb93ad522d2e6e616c2879334b0f 第 53 行.
NOTIC: [8] Undefined variable: pid_cate /Users/xingyoulin/www/gdio/App/Runtime/Cache/Home/2e4beb93ad522d2e6e616c2879334b0f 第 53 行.
NOTIC: [8] Use of undefined constant id - assumed 'id' /Users/xingyoulin/www/gdio/App/Runtime/Cache/Home/2e4beb93ad522d2e6e616c2879334b0f 第 53 行.
NOTIC: [8] Use of undefined constant id - assumed 'id' /Users/xingyoulin/www/gdio/App/Runtime/Cache/Home/2e4beb93ad522d2e6e616c2879334b0f 第 53 行.
NOTIC: [8] Undefined variable: pid_cate /Users/xingyoulin/www/gdio/App/Runtime/Cache/Home/2e4beb93ad522d2e6e616c2879334b0f 第 53 行.
NOTIC: [8] Use of undefined constant id - assumed 'id' /Users/xingyoulin/www/gdio/App/Runtime/Cache/Home/2e4beb93ad522d2e6e616c2879334b0f 第 53 行.
NOTIC: [8] Use of undefined constant id - assumed 'id' /Users/xingyoulin/www/gdio/App/Runtime/Cache/Home/2e4beb93ad522d2e6e616c2879334b0f 第 53 行.
NOTIC: [8] Undefined variable: pid_cate /Users/xingyoulin/www/gdio/App/Runtime/Cache/Home/2e4beb93ad522d2e6e616c2879334b0f 第 53 行.
NOTIC: [8] Use of undefined constant id - assumed 'id' /Users/xingyoulin/www/gdio/App/Runtime/Cache/Home/2e4beb93ad522d2e6e616c2879334b0f 第 53 行.
NOTIC: [8] Use of undefined constant id - assumed 'id' /Users/xingyoulin/www/gdio/App/Runtime/Cache/Home/2e4beb93ad522d2e6e616c2879334b0f 第 53 行.
NOTIC: [8] Undefined variable: pid_cate /Users/xingyoulin/www/gdio/App/Runtime/Cache/Home/2e4beb93ad522d2e6e616c2879334b0f 第 53 行.
NOTIC: [8] Use of undefined constant id - assumed 'id' /Users/xingyoulin/www/gdio/App/Runtime/Cache/Home/2e4beb93ad522d2e6e616c2879334b0f 第 53 行.
NOTIC: [8] Use of undefined constant id - assumed 'id' /Users/xingyoulin/www/gdio/App/Runtime/Cache/Home/2e4beb93ad522d2e6e616c2879334b0f 第 53 行.
NOTIC: [8] Undefined variable: pid_cate /Users/xingyoulin/www/gdio/App/Runtime/Cache/Home/2e4beb93ad522d2e6e616c2879334b0f 第 53 行.
NOTIC: [8] Use of undefined constant id - assumed 'id' /Users/xingyoulin/www/gdio/App/Runtime/Cache/Home/2e4beb93ad522d2e6e616c2879334b0f 第 53 行.
NOTIC: [8] Use of undefined constant id - assumed 'id' /Users/xingyoulin/www/gdio/App/Runtime/Cache/Home/2e4beb93ad522d2e6e616c2879334b0f 第 72 行.
NOTIC: [8] Undefined variable: pid_cate /Users/xingyoulin/www/gdio/App/Runtime/Cache/Home/2e4beb93ad522d2e6e616c2879334b0f 第 72 行.
NOTIC: [8] Use of undefined constant id - assumed 'id' /Users/xingyoulin/www/gdio/App/Runtime/Cache/Home/2e4beb93ad522d2e6e616c2879334b0f 第 72 行.
NOTIC: [8] Use of undefined constant id - assumed 'id' /Users/xingyoulin/www/gdio/App/Runtime/Cache/Home/2e4beb93ad522d2e6e616c2879334b0f 第 72 行.
NOTIC: [8] Undefined variable: pid_cate /Users/xingyoulin/www/gdio/App/Runtime/Cache/Home/2e4beb93ad522d2e6e616c2879334b0f 第 72 行.
NOTIC: [8] Use of undefined constant id - assumed 'id' /Users/xingyoulin/www/gdio/App/Runtime/Cache/Home/2e4beb93ad522d2e6e616c2879334b0f 第 72 行.
NOTIC: [8] Use of undefined constant id - assumed 'id' /Users/xingyoulin/www/gdio/App/Runtime/Cache/Home/2e4beb93ad522d2e6e616c2879334b0f 第 72 行.
NOTIC: [8] Undefined variable: pid_cate /Users/xingyoulin/www/gdio/App/Runtime/Cache/Home/2e4beb93ad522d2e6e616c2879334b0f 第 72 行.
NOTIC: [8] Use of undefined constant id - assumed 'id' /Users/xingyoulin/www/gdio/App/Runtime/Cache/Home/2e4beb93ad522d2e6e616c2879334b0f 第 72 行.
NOTIC: [8] Use of undefined constant url - assumed 'url' /Users/xingyoulin/www/gdio/App/Runtime/Cache/Home/2e4beb93ad522d2e6e616c2879334b0f 第 212 行.
NOTIC: [8] Use of undefined constant url - assumed 'url' /Users/xingyoulin/www/gdio/App/Runtime/Cache/Home/2e4beb93ad522d2e6e616c2879334b0f 第 212 行.
NOTIC: [8] Use of undefined constant url - assumed 'url' /Users/xingyoulin/www/gdio/App/Runtime/Cache/Home/2e4beb93ad522d2e6e616c2879334b0f 第 212 行.
NOTIC: [8] Use of undefined constant url - assumed 'url' /Users/xingyoulin/www/gdio/App/Runtime/Cache/Home/2e4beb93ad522d2e6e616c2879334b0f 第 212 行.
NOTIC: [8] Use of undefined constant url - assumed 'url' /Users/xingyoulin/www/gdio/App/Runtime/Cache/Home/2e4beb93ad522d2e6e616c2879334b0f 第 212 行.
NOTIC: [8] Use of undefined constant url - assumed 'url' /Users/xingyoulin/www/gdio/App/Runtime/Cache/Home/2e4beb93ad522d2e6e616c2879334b0f 第 212 行.
NOTIC: [8] Use of undefined constant url - assumed 'url' /Users/xingyoulin/www/gdio/App/Runtime/Cache/Home/2e4beb93ad522d2e6e616c2879334b0f 第 212 行.
NOTIC: [8] Use of undefined constant url - assumed 'url' /Users/xingyoulin/www/gdio/App/Runtime/Cache/Home/2e4beb93ad522d2e6e616c2879334b0f 第 212 行.
NOTIC: [8] Use of undefined constant url - assumed 'url' /Users/xingyoulin/www/gdio/App/Runtime/Cache/Home/2e4beb93ad522d2e6e616c2879334b0f 第 212 行.
NOTIC: [8] Use of undefined constant url - assumed 'url' /Users/xingyoulin/www/gdio/App/Runtime/Cache/Home/2e4beb93ad522d2e6e616c2879334b0f 第 212 行.
NOTIC: [8] Use of undefined constant url - assumed 'url' /Users/xingyoulin/www/gdio/App/Runtime/Cache/Home/2e4beb93ad522d2e6e616c2879334b0f 第 212 行.
NOTIC: [8] Use of undefined constant url - assumed 'url' /Users/xingyoulin/www/gdio/App/Runtime/Cache/Home/2e4beb93ad522d2e6e616c2879334b0f 第 212 行.
NOTIC: [8] Use of undefined constant url - assumed 'url' /Users/xingyoulin/www/gdio/App/Runtime/Cache/Home/2e4beb93ad522d2e6e616c2879334b0f 第 212 行.
NOTIC: [8] Use of undefined constant url - assumed 'url' /Users/xingyoulin/www/gdio/App/Runtime/Cache/Home/2e4beb93ad522d2e6e616c2879334b0f 第 212 行.
NOTIC: [8] Use of undefined constant url - assumed 'url' /Users/xingyoulin/www/gdio/App/Runtime/Cache/Home/2e4beb93ad522d2e6e616c2879334b0f 第 212 行.
NOTIC: [8] Use of undefined constant url - assumed 'url' /Users/xingyoulin/www/gdio/App/Runtime/Cache/Home/2e4beb93ad522d2e6e616c2879334b0f 第 212 行.
NOTIC: [8] Use of undefined constant url - assumed 'url' /Users/xingyoulin/www/gdio/App/Runtime/Cache/Home/2e4beb93ad522d2e6e616c2879334b0f 第 212 行.
NOTIC: [8] Use of undefined constant url - assumed 'url' /Users/xingyoulin/www/gdio/App/Runtime/Cache/Home/2e4beb93ad522d2e6e616c2879334b0f 第 212 行.
NOTIC: [8] Use of undefined constant url - assumed 'url' /Users/xingyoulin/www/gdio/App/Runtime/Cache/Home/2e4beb93ad522d2e6e616c2879334b0f 第 212 行.
NOTIC: [8] Use of undefined constant url - assumed 'url' /Users/xingyoulin/www/gdio/App/Runtime/Cache/Home/2e4beb93ad522d2e6e616c2879334b0f 第 212 行.
NOTIC: [8] Use of undefined constant url - assumed 'url' /Users/xingyoulin/www/gdio/App/Runtime/Cache/Home/2e4beb93ad522d2e6e616c2879334b0f 第 212 行.
NOTIC: [8] Use of undefined constant url - assumed 'url' /Users/xingyoulin/www/gdio/App/Runtime/Cache/Home/2e4beb93ad522d2e6e616c2879334b0f 第 212 行.
NOTIC: [8] Use of undefined constant url - assumed 'url' /Users/xingyoulin/www/gdio/App/Runtime/Cache/Home/2e4beb93ad522d2e6e616c2879334b0f 第 212 行.
NOTIC: [8] Use of undefined constant url - assumed 'url' /Users/xingyoulin/www/gdio/App/Runtime/Cache/Home/2e4beb93ad522d2e6e616c2879334b0f 第 212 行.
NOTIC: [8] Use of undefined constant url - assumed 'url' /Users/xingyoulin/www/gdio/App/Runtime/Cache/Home/2e4beb93ad522d2e6e616c2879334b0f 第 212 行.
NOTIC: [8] Use of undefined constant url - assumed 'url' /Users/xingyoulin/www/gdio/App/Runtime/Cache/Home/2e4beb93ad522d2e6e616c2879334b0f 第 212 行.
NOTIC: [8] Use of undefined constant url - assumed 'url' /Users/xingyoulin/www/gdio/App/Runtime/Cache/Home/2e4beb93ad522d2e6e616c2879334b0f 第 212 行.
NOTIC: [8] Use of undefined constant url - assumed 'url' /Users/xingyoulin/www/gdio/App/Runtime/Cache/Home/2e4beb93ad522d2e6e616c2879334b0f 第 212 行.
NOTIC: [8] Use of undefined constant url - assumed 'url' /Users/xingyoulin/www/gdio/App/Runtime/Cache/Home/2e4beb93ad522d2e6e616c2879334b0f 第 212 行.
NOTIC: [8] Use of undefined constant url - assumed 'url' /Users/xingyoulin/www/gdio/App/Runtime/Cache/Home/2e4beb93ad522d2e6e616c2879334b0f 第 212 行.
NOTIC: [8] Use of undefined constant url - assumed 'url' /Users/xingyoulin/www/gdio/App/Runtime/Cache/Home/2e4beb93ad522d2e6e616c2879334b0f 第 212 行.
NOTIC: [8] Use of undefined constant url - assumed 'url' /Users/xingyoulin/www/gdio/App/Runtime/Cache/Home/2e4beb93ad522d2e6e616c2879334b0f 第 212 行.
NOTIC: [8] Use of undefined constant url - assumed 'url' /Users/xingyoulin/www/gdio/App/Runtime/Cache/Home/2e4beb93ad522d2e6e616c2879334b0f 第 212 行.
NOTIC: [8] Use of undefined constant url - assumed 'url' /Users/xingyoulin/www/gdio/App/Runtime/Cache/Home/2e4beb93ad522d2e6e616c2879334b0f 第 212 行.
NOTIC: [8] Use of undefined constant url - assumed 'url' /Users/xingyoulin/www/gdio/App/Runtime/Cache/Home/2e4beb93ad522d2e6e616c2879334b0f 第 212 行.
NOTIC: [8] Use of undefined constant url - assumed 'url' /Users/xingyoulin/www/gdio/App/Runtime/Cache/Home/2e4beb93ad522d2e6e616c2879334b0f 第 212 行.
NOTIC: [8] Use of undefined constant url - assumed 'url' /Users/xingyoulin/www/gdio/App/Runtime/Cache/Home/2e4beb93ad522d2e6e616c2879334b0f 第 212 行.
NOTIC: [8] Use of undefined constant url - assumed 'url' /Users/xingyoulin/www/gdio/App/Runtime/Cache/Home/2e4beb93ad522d2e6e616c2879334b0f 第 212 行.
NOTIC: [8] Use of undefined constant url - assumed 'url' /Users/xingyoulin/www/gdio/App/Runtime/Cache/Home/2e4beb93ad522d2e6e616c2879334b0f 第 212 行.
NOTIC: [8] Use of undefined constant url - assumed 'url' /Users/xingyoulin/www/gdio/App/Runtime/Cache/Home/2e4beb93ad522d2e6e616c2879334b0f 第 212 行.
NOTIC: [8] Use of undefined constant url - assumed 'url' /Users/xingyoulin/www/gdio/App/Runtime/Cache/Home/2e4beb93ad522d2e6e616c2879334b0f 第 212 行.
NOTIC: [8] Use of undefined constant url - assumed 'url' /Users/xingyoulin/www/gdio/App/Runtime/Cache/Home/2e4beb93ad522d2e6e616c2879334b0f 第 212 行.
NOTIC: [8] Use of undefined constant url - assumed 'url' /Users/xingyoulin/www/gdio/App/Runtime/Cache/Home/2e4beb93ad522d2e6e616c2879334b0f 第 212 行.
NOTIC: [8] Use of undefined constant url - assumed 'url' /Users/xingyoulin/www/gdio/App/Runtime/Cache/Home/2e4beb93ad522d2e6e616c2879334b0f 第 212 行.
NOTIC: [8] Use of undefined constant url - assumed 'url' /Users/xingyoulin/www/gdio/App/Runtime/Cache/Home/2e4beb93ad522d2e6e616c2879334b0f 第 212 行.
NOTIC: [8] Use of undefined constant url - assumed 'url' /Users/xingyoulin/www/gdio/App/Runtime/Cache/Home/2e4beb93ad522d2e6e616c2879334b0f 第 212 行.
NOTIC: [8] Use of undefined constant url - assumed 'url' /Users/xingyoulin/www/gdio/App/Runtime/Cache/Home/2e4beb93ad522d2e6e616c2879334b0f 第 212 行.
NOTIC: [8] Use of undefined constant url - assumed 'url' /Users/xingyoulin/www/gdio/App/Runtime/Cache/Home/2e4beb93ad522d2e6e616c2879334b0f 第 212 行.
NOTIC: [8] Use of undefined constant url - assumed 'url' /Users/xingyoulin/www/gdio/App/Runtime/Cache/Home/2e4beb93ad522d2e6e616c2879334b0f 第 212 行.
NOTIC: [8] Use of undefined constant url - assumed 'url' /Users/xingyoulin/www/gdio/App/Runtime/Cache/Home/2e4beb93ad522d2e6e616c2879334b0f 第 212 行.
NOTIC: [8] Use of undefined constant url - assumed 'url' /Users/xingyoulin/www/gdio/App/Runtime/Cache/Home/2e4beb93ad522d2e6e616c2879334b0f 第 212 行.
NOTIC: [8] Use of undefined constant url - assumed 'url' /Users/xingyoulin/www/gdio/App/Runtime/Cache/Home/2e4beb93ad522d2e6e616c2879334b0f 第 212 行.
NOTIC: [8] Use of undefined constant url - assumed 'url' /Users/xingyoulin/www/gdio/App/Runtime/Cache/Home/2e4beb93ad522d2e6e616c2879334b0f 第 212 行.
NOTIC: [8] Use of undefined constant url - assumed 'url' /Users/xingyoulin/www/gdio/App/Runtime/Cache/Home/2e4beb93ad522d2e6e616c2879334b0f 第 212 行.
NOTIC: [8] Use of undefined constant url - assumed 'url' /Users/xingyoulin/www/gdio/App/Runtime/Cache/Home/2e4beb93ad522d2e6e616c2879334b0f 第 212 行.
NOTIC: [8] Use of undefined constant url - assumed 'url' /Users/xingyoulin/www/gdio/App/Runtime/Cache/Home/2e4beb93ad522d2e6e616c2879334b0f 第 212 行.
NOTIC: [8] Use of undefined constant url - assumed 'url' /Users/xingyoulin/www/gdio/App/Runtime/Cache/Home/2e4beb93ad522d2e6e616c2879334b0f 第 212 行.
NOTIC: [8] Use of undefined constant url - assumed 'url' /Users/xingyoulin/www/gdio/App/Runtime/Cache/Home/2e4beb93ad522d2e6e616c2879334b0f 第 212 行.
NOTIC: [8] Use of undefined constant url - assumed 'url' /Users/xingyoulin/www/gdio/App/Runtime/Cache/Home/2e4beb93ad522d2e6e616c2879334b0f 第 212 行.
NOTIC: [8] Use of undefined constant url - assumed 'url' /Users/xingyoulin/www/gdio/App/Runtime/Cache/Home/2e4beb93ad522d2e6e616c2879334b0f 第 212 行.
NOTIC: [8] Use of undefined constant url - assumed 'url' /Users/xingyoulin/www/gdio/App/Runtime/Cache/Home/2e4beb93ad522d2e6e616c2879334b0f 第 212 行.
NOTIC: [8] Use of undefined constant url - assumed 'url' /Users/xingyoulin/www/gdio/App/Runtime/Cache/Home/2e4beb93ad522d2e6e616c2879334b0f 第 212 行.
NOTIC: [8] Use of undefined constant url - assumed 'url' /Users/xingyoulin/www/gdio/App/Runtime/Cache/Home/2e4beb93ad522d2e6e616c2879334b0f 第 212 行.
NOTIC: [8] Use of undefined constant url - assumed 'url' /Users/xingyoulin/www/gdio/App/Runtime/Cache/Home/2e4beb93ad522d2e6e616c2879334b0f 第 212 行.
NOTIC: [8] Use of undefined constant url - assumed 'url' /Users/xingyoulin/www/gdio/App/Runtime/Cache/Home/2e4beb93ad522d2e6e616c2879334b0f 第 212 行.
NOTIC: [8] Use of undefined constant url - assumed 'url' /Users/xingyoulin/www/gdio/App/Runtime/Cache/Home/2e4beb93ad522d2e6e616c2879334b0f 第 212 行.
NOTIC: [8] Use of undefined constant url - assumed 'url' /Users/xingyoulin/www/gdio/App/Runtime/Cache/Home/2e4beb93ad522d2e6e616c2879334b0f 第 212 行.
NOTIC: [8] Use of undefined constant url - assumed 'url' /Users/xingyoulin/www/gdio/App/Runtime/Cache/Home/2e4beb93ad522d2e6e616c2879334b0f 第 212 行.
NOTIC: [8] Use of undefined constant url - assumed 'url' /Users/xingyoulin/www/gdio/App/Runtime/Cache/Home/2e4beb93ad522d2e6e616c2879334b0f 第 212 行.
NOTIC: [8] Use of undefined constant url - assumed 'url' /Users/xingyoulin/www/gdio/App/Runtime/Cache/Home/2e4beb93ad522d2e6e616c2879334b0f 第 212 行.
NOTIC: [8] Use of undefined constant url - assumed 'url' /Users/xingyoulin/www/gdio/App/Runtime/Cache/Home/2e4beb93ad522d2e6e616c2879334b0f 第 212 行.
NOTIC: [8] Use of undefined constant url - assumed 'url' /Users/xingyoulin/www/gdio/App/Runtime/Cache/Home/2e4beb93ad522d2e6e616c2879334b0f 第 212 行.

[ 2023-04-19T14:53:59+08:00 ] 127.0.0.1 /index.php/events
NOTIC: [8] Undefined index: pid /Users/xingyoulin/www/gdio/App/Home/Controller/ListController.class.php 第 59 行.
NOTIC: [8] Undefined index: picture_urls /Users/xingyoulin/www/gdio/App/Home/Controller/ListController.class.php 第 101 行.
NOTIC: [2] Missing argument 1 for Think\Model::where(), called in /Users/xingyoulin/www/gdio/App/Home/Controller/ListController.class.php on line 106 and defined /Users/xingyoulin/www/gdio/Include/Library/Think/Model.class.php 第 1905 行.
NOTIC: [8] Undefined variable: where /Users/xingyoulin/www/gdio/Include/Library/Think/Model.class.php 第 1913 行.
NOTIC: [8] Undefined variable: where /Users/xingyoulin/www/gdio/Include/Library/Think/Model.class.php 第 1916 行.
NOTIC: [8] Undefined variable: where /Users/xingyoulin/www/gdio/Include/Library/Think/Model.class.php 第 1924 行.
NOTIC: [2] Missing argument 1 for Think\Model::where(), called in /Users/xingyoulin/www/gdio/App/Home/Controller/ListController.class.php on line 111 and defined /Users/xingyoulin/www/gdio/Include/Library/Think/Model.class.php 第 1905 行.
NOTIC: [8] Undefined variable: where /Users/xingyoulin/www/gdio/Include/Library/Think/Model.class.php 第 1913 行.
NOTIC: [8] Undefined variable: where /Users/xingyoulin/www/gdio/Include/Library/Think/Model.class.php 第 1916 行.
NOTIC: [8] Undefined variable: where /Users/xingyoulin/www/gdio/Include/Library/Think/Model.class.php 第 1924 行.
NOTIC: [8] Use of undefined constant id - assumed 'id' /Users/xingyoulin/www/gdio/App/Runtime/Cache/Home/1700d76a53f4df37f7392dc5cabb385b 第 43 行.
NOTIC: [8] Use of undefined constant id - assumed 'id' /Users/xingyoulin/www/gdio/App/Runtime/Cache/Home/1700d76a53f4df37f7392dc5cabb385b 第 43 行.
NOTIC: [8] Use of undefined constant id - assumed 'id' /Users/xingyoulin/www/gdio/App/Runtime/Cache/Home/1700d76a53f4df37f7392dc5cabb385b 第 43 行.
NOTIC: [8] Use of undefined constant id - assumed 'id' /Users/xingyoulin/www/gdio/App/Runtime/Cache/Home/1700d76a53f4df37f7392dc5cabb385b 第 43 行.
NOTIC: [8] Use of undefined constant id - assumed 'id' /Users/xingyoulin/www/gdio/App/Runtime/Cache/Home/1700d76a53f4df37f7392dc5cabb385b 第 43 行.
NOTIC: [8] Use of undefined constant id - assumed 'id' /Users/xingyoulin/www/gdio/App/Runtime/Cache/Home/1700d76a53f4df37f7392dc5cabb385b 第 43 行.
NOTIC: [8] Use of undefined constant id - assumed 'id' /Users/xingyoulin/www/gdio/App/Runtime/Cache/Home/1700d76a53f4df37f7392dc5cabb385b 第 56 行.
NOTIC: [8] Use of undefined constant id - assumed 'id' /Users/xingyoulin/www/gdio/App/Runtime/Cache/Home/1700d76a53f4df37f7392dc5cabb385b 第 56 行.
NOTIC: [8] Use of undefined constant id - assumed 'id' /Users/xingyoulin/www/gdio/App/Runtime/Cache/Home/1700d76a53f4df37f7392dc5cabb385b 第 56 行.
NOTIC: [8] Use of undefined constant id - assumed 'id' /Users/xingyoulin/www/gdio/App/Runtime/Cache/Home/1700d76a53f4df37f7392dc5cabb385b 第 56 行.
NOTIC: [8] Use of undefined constant id - assumed 'id' /Users/xingyoulin/www/gdio/App/Runtime/Cache/Home/1700d76a53f4df37f7392dc5cabb385b 第 56 行.
NOTIC: [8] Use of undefined constant id - assumed 'id' /Users/xingyoulin/www/gdio/App/Runtime/Cache/Home/1700d76a53f4df37f7392dc5cabb385b 第 56 行.
NOTIC: [8] Use of undefined constant id - assumed 'id' /Users/xingyoulin/www/gdio/App/Runtime/Cache/Home/1700d76a53f4df37f7392dc5cabb385b 第 56 行.
NOTIC: [8] Use of undefined constant id - assumed 'id' /Users/xingyoulin/www/gdio/App/Runtime/Cache/Home/1700d76a53f4df37f7392dc5cabb385b 第 56 行.
NOTIC: [8] Use of undefined constant id - assumed 'id' /Users/xingyoulin/www/gdio/App/Runtime/Cache/Home/1700d76a53f4df37f7392dc5cabb385b 第 56 行.
NOTIC: [8] Use of undefined constant id - assumed 'id' /Users/xingyoulin/www/gdio/App/Runtime/Cache/Home/1700d76a53f4df37f7392dc5cabb385b 第 56 行.
NOTIC: [8] Use of undefined constant id - assumed 'id' /Users/xingyoulin/www/gdio/App/Runtime/Cache/Home/1700d76a53f4df37f7392dc5cabb385b 第 75 行.
NOTIC: [8] Use of undefined constant id - assumed 'id' /Users/xingyoulin/www/gdio/App/Runtime/Cache/Home/1700d76a53f4df37f7392dc5cabb385b 第 75 行.
NOTIC: [8] Use of undefined constant id - assumed 'id' /Users/xingyoulin/www/gdio/App/Runtime/Cache/Home/1700d76a53f4df37f7392dc5cabb385b 第 75 行.
NOTIC: [8] Use of undefined constant id - assumed 'id' /Users/xingyoulin/www/gdio/App/Runtime/Cache/Home/1700d76a53f4df37f7392dc5cabb385b 第 75 行.
NOTIC: [8] Use of undefined constant id - assumed 'id' /Users/xingyoulin/www/gdio/App/Runtime/Cache/Home/1700d76a53f4df37f7392dc5cabb385b 第 75 行.
NOTIC: [8] Use of undefined constant id - assumed 'id' /Users/xingyoulin/www/gdio/App/Runtime/Cache/Home/1700d76a53f4df37f7392dc5cabb385b 第 75 行.

[ 2023-04-19T14:53:59+08:00 ] 127.0.0.1 /index.php/widc
NOTIC: [8] Use of undefined constant id - assumed 'id' /Users/xingyoulin/www/gdio/App/Runtime/Cache/Home/a98499c28c2f3f2d6691c6236047ad7b 第 43 行.
NOTIC: [8] Use of undefined constant id - assumed 'id' /Users/xingyoulin/www/gdio/App/Runtime/Cache/Home/a98499c28c2f3f2d6691c6236047ad7b 第 43 行.
NOTIC: [8] Use of undefined constant id - assumed 'id' /Users/xingyoulin/www/gdio/App/Runtime/Cache/Home/a98499c28c2f3f2d6691c6236047ad7b 第 43 行.
NOTIC: [8] Use of undefined constant id - assumed 'id' /Users/xingyoulin/www/gdio/App/Runtime/Cache/Home/a98499c28c2f3f2d6691c6236047ad7b 第 43 行.
NOTIC: [8] Use of undefined constant id - assumed 'id' /Users/xingyoulin/www/gdio/App/Runtime/Cache/Home/a98499c28c2f3f2d6691c6236047ad7b 第 43 行.
NOTIC: [8] Use of undefined constant id - assumed 'id' /Users/xingyoulin/www/gdio/App/Runtime/Cache/Home/a98499c28c2f3f2d6691c6236047ad7b 第 43 行.
NOTIC: [8] Use of undefined constant id - assumed 'id' /Users/xingyoulin/www/gdio/App/Runtime/Cache/Home/a98499c28c2f3f2d6691c6236047ad7b 第 56 行.
NOTIC: [8] Use of undefined constant id - assumed 'id' /Users/xingyoulin/www/gdio/App/Runtime/Cache/Home/a98499c28c2f3f2d6691c6236047ad7b 第 56 行.
NOTIC: [8] Use of undefined constant id - assumed 'id' /Users/xingyoulin/www/gdio/App/Runtime/Cache/Home/a98499c28c2f3f2d6691c6236047ad7b 第 56 行.
NOTIC: [8] Use of undefined constant id - assumed 'id' /Users/xingyoulin/www/gdio/App/Runtime/Cache/Home/a98499c28c2f3f2d6691c6236047ad7b 第 56 行.
NOTIC: [8] Use of undefined constant id - assumed 'id' /Users/xingyoulin/www/gdio/App/Runtime/Cache/Home/a98499c28c2f3f2d6691c6236047ad7b 第 56 行.
NOTIC: [8] Use of undefined constant id - assumed 'id' /Users/xingyoulin/www/gdio/App/Runtime/Cache/Home/a98499c28c2f3f2d6691c6236047ad7b 第 56 行.
NOTIC: [8] Use of undefined constant id - assumed 'id' /Users/xingyoulin/www/gdio/App/Runtime/Cache/Home/a98499c28c2f3f2d6691c6236047ad7b 第 56 行.
NOTIC: [8] Use of undefined constant id - assumed 'id' /Users/xingyoulin/www/gdio/App/Runtime/Cache/Home/a98499c28c2f3f2d6691c6236047ad7b 第 56 行.
NOTIC: [8] Use of undefined constant id - assumed 'id' /Users/xingyoulin/www/gdio/App/Runtime/Cache/Home/a98499c28c2f3f2d6691c6236047ad7b 第 56 行.
NOTIC: [8] Use of undefined constant id - assumed 'id' /Users/xingyoulin/www/gdio/App/Runtime/Cache/Home/a98499c28c2f3f2d6691c6236047ad7b 第 56 行.
NOTIC: [8] Use of undefined constant id - assumed 'id' /Users/xingyoulin/www/gdio/App/Runtime/Cache/Home/a98499c28c2f3f2d6691c6236047ad7b 第 75 行.
NOTIC: [8] Use of undefined constant id - assumed 'id' /Users/xingyoulin/www/gdio/App/Runtime/Cache/Home/a98499c28c2f3f2d6691c6236047ad7b 第 75 行.
NOTIC: [8] Use of undefined constant id - assumed 'id' /Users/xingyoulin/www/gdio/App/Runtime/Cache/Home/a98499c28c2f3f2d6691c6236047ad7b 第 75 行.
NOTIC: [8] Use of undefined constant id - assumed 'id' /Users/xingyoulin/www/gdio/App/Runtime/Cache/Home/a98499c28c2f3f2d6691c6236047ad7b 第 75 行.
NOTIC: [8] Use of undefined constant id - assumed 'id' /Users/xingyoulin/www/gdio/App/Runtime/Cache/Home/a98499c28c2f3f2d6691c6236047ad7b 第 75 行.
NOTIC: [8] Use of undefined constant id - assumed 'id' /Users/xingyoulin/www/gdio/App/Runtime/Cache/Home/a98499c28c2f3f2d6691c6236047ad7b 第 75 行.
NOTIC: [8] Use of undefined constant id - assumed 'id' /Users/xingyoulin/www/gdio/App/Runtime/Cache/Home/a98499c28c2f3f2d6691c6236047ad7b 第 124 行.
NOTIC: [8] Use of undefined constant id - assumed 'id' /Users/xingyoulin/www/gdio/App/Runtime/Cache/Home/a98499c28c2f3f2d6691c6236047ad7b 第 124 行.
NOTIC: [8] Use of undefined constant pid - assumed 'pid' /Users/xingyoulin/www/gdio/App/Runtime/Cache/Home/a98499c28c2f3f2d6691c6236047ad7b 第 124 行.
NOTIC: [8] Use of undefined constant id - assumed 'id' /Users/xingyoulin/www/gdio/App/Runtime/Cache/Home/a98499c28c2f3f2d6691c6236047ad7b 第 124 行.
NOTIC: [8] Use of undefined constant id - assumed 'id' /Users/xingyoulin/www/gdio/App/Runtime/Cache/Home/a98499c28c2f3f2d6691c6236047ad7b 第 124 行.
NOTIC: [8] Use of undefined constant pid - assumed 'pid' /Users/xingyoulin/www/gdio/App/Runtime/Cache/Home/a98499c28c2f3f2d6691c6236047ad7b 第 124 行.
NOTIC: [8] Use of undefined constant id - assumed 'id' /Users/xingyoulin/www/gdio/App/Runtime/Cache/Home/a98499c28c2f3f2d6691c6236047ad7b 第 124 行.

[ 2023-04-19T14:54:32+08:00 ] 127.0.0.1 /index.php/widc
NOTIC: [8] Use of undefined constant id - assumed 'id' /Users/xingyoulin/www/gdio/App/Runtime/Cache/Home/a98499c28c2f3f2d6691c6236047ad7b 第 43 行.
NOTIC: [8] Use of undefined constant id - assumed 'id' /Users/xingyoulin/www/gdio/App/Runtime/Cache/Home/a98499c28c2f3f2d6691c6236047ad7b 第 43 行.
NOTIC: [8] Use of undefined constant id - assumed 'id' /Users/xingyoulin/www/gdio/App/Runtime/Cache/Home/a98499c28c2f3f2d6691c6236047ad7b 第 43 行.
NOTIC: [8] Use of undefined constant id - assumed 'id' /Users/xingyoulin/www/gdio/App/Runtime/Cache/Home/a98499c28c2f3f2d6691c6236047ad7b 第 43 行.
NOTIC: [8] Use of undefined constant id - assumed 'id' /Users/xingyoulin/www/gdio/App/Runtime/Cache/Home/a98499c28c2f3f2d6691c6236047ad7b 第 43 行.
NOTIC: [8] Use of undefined constant id - assumed 'id' /Users/xingyoulin/www/gdio/App/Runtime/Cache/Home/a98499c28c2f3f2d6691c6236047ad7b 第 43 行.
NOTIC: [8] Use of undefined constant id - assumed 'id' /Users/xingyoulin/www/gdio/App/Runtime/Cache/Home/a98499c28c2f3f2d6691c6236047ad7b 第 56 行.
NOTIC: [8] Use of undefined constant id - assumed 'id' /Users/xingyoulin/www/gdio/App/Runtime/Cache/Home/a98499c28c2f3f2d6691c6236047ad7b 第 56 行.
NOTIC: [8] Use of undefined constant id - assumed 'id' /Users/xingyoulin/www/gdio/App/Runtime/Cache/Home/a98499c28c2f3f2d6691c6236047ad7b 第 56 行.
NOTIC: [8] Use of undefined constant id - assumed 'id' /Users/xingyoulin/www/gdio/App/Runtime/Cache/Home/a98499c28c2f3f2d6691c6236047ad7b 第 56 行.
NOTIC: [8] Use of undefined constant id - assumed 'id' /Users/xingyoulin/www/gdio/App/Runtime/Cache/Home/a98499c28c2f3f2d6691c6236047ad7b 第 56 行.
NOTIC: [8] Use of undefined constant id - assumed 'id' /Users/xingyoulin/www/gdio/App/Runtime/Cache/Home/a98499c28c2f3f2d6691c6236047ad7b 第 56 行.
NOTIC: [8] Use of undefined constant id - assumed 'id' /Users/xingyoulin/www/gdio/App/Runtime/Cache/Home/a98499c28c2f3f2d6691c6236047ad7b 第 56 行.
NOTIC: [8] Use of undefined constant id - assumed 'id' /Users/xingyoulin/www/gdio/App/Runtime/Cache/Home/a98499c28c2f3f2d6691c6236047ad7b 第 56 行.
NOTIC: [8] Use of undefined constant id - assumed 'id' /Users/xingyoulin/www/gdio/App/Runtime/Cache/Home/a98499c28c2f3f2d6691c6236047ad7b 第 56 行.
NOTIC: [8] Use of undefined constant id - assumed 'id' /Users/xingyoulin/www/gdio/App/Runtime/Cache/Home/a98499c28c2f3f2d6691c6236047ad7b 第 56 行.
NOTIC: [8] Use of undefined constant id - assumed 'id' /Users/xingyoulin/www/gdio/App/Runtime/Cache/Home/a98499c28c2f3f2d6691c6236047ad7b 第 75 行.
NOTIC: [8] Use of undefined constant id - assumed 'id' /Users/xingyoulin/www/gdio/App/Runtime/Cache/Home/a98499c28c2f3f2d6691c6236047ad7b 第 75 行.
NOTIC: [8] Use of undefined constant id - assumed 'id' /Users/xingyoulin/www/gdio/App/Runtime/Cache/Home/a98499c28c2f3f2d6691c6236047ad7b 第 75 行.
NOTIC: [8] Use of undefined constant id - assumed 'id' /Users/xingyoulin/www/gdio/App/Runtime/Cache/Home/a98499c28c2f3f2d6691c6236047ad7b 第 75 行.
NOTIC: [8] Use of undefined constant id - assumed 'id' /Users/xingyoulin/www/gdio/App/Runtime/Cache/Home/a98499c28c2f3f2d6691c6236047ad7b 第 75 行.
NOTIC: [8] Use of undefined constant id - assumed 'id' /Users/xingyoulin/www/gdio/App/Runtime/Cache/Home/a98499c28c2f3f2d6691c6236047ad7b 第 75 行.
NOTIC: [8] Use of undefined constant id - assumed 'id' /Users/xingyoulin/www/gdio/App/Runtime/Cache/Home/a98499c28c2f3f2d6691c6236047ad7b 第 124 行.
NOTIC: [8] Use of undefined constant id - assumed 'id' /Users/xingyoulin/www/gdio/App/Runtime/Cache/Home/a98499c28c2f3f2d6691c6236047ad7b 第 124 行.
NOTIC: [8] Use of undefined constant pid - assumed 'pid' /Users/xingyoulin/www/gdio/App/Runtime/Cache/Home/a98499c28c2f3f2d6691c6236047ad7b 第 124 行.
NOTIC: [8] Use of undefined constant id - assumed 'id' /Users/xingyoulin/www/gdio/App/Runtime/Cache/Home/a98499c28c2f3f2d6691c6236047ad7b 第 124 行.
NOTIC: [8] Use of undefined constant id - assumed 'id' /Users/xingyoulin/www/gdio/App/Runtime/Cache/Home/a98499c28c2f3f2d6691c6236047ad7b 第 124 行.
NOTIC: [8] Use of undefined constant pid - assumed 'pid' /Users/xingyoulin/www/gdio/App/Runtime/Cache/Home/a98499c28c2f3f2d6691c6236047ad7b 第 124 行.
NOTIC: [8] Use of undefined constant id - assumed 'id' /Users/xingyoulin/www/gdio/App/Runtime/Cache/Home/a98499c28c2f3f2d6691c6236047ad7b 第 124 行.

[ 2023-04-19T14:54:34+08:00 ] 127.0.0.1 /index.php/idwe
NOTIC: [8] Undefined index: picture_urls /Users/xingyoulin/www/gdio/App/Home/Controller/ListController.class.php 第 101 行.
NOTIC: [2] Missing argument 1 for Think\Model::where(), called in /Users/xingyoulin/www/gdio/App/Home/Controller/ListController.class.php on line 106 and defined /Users/xingyoulin/www/gdio/Include/Library/Think/Model.class.php 第 1905 行.
NOTIC: [8] Undefined variable: where /Users/xingyoulin/www/gdio/Include/Library/Think/Model.class.php 第 1913 行.
NOTIC: [8] Undefined variable: where /Users/xingyoulin/www/gdio/Include/Library/Think/Model.class.php 第 1916 行.
NOTIC: [8] Undefined variable: where /Users/xingyoulin/www/gdio/Include/Library/Think/Model.class.php 第 1924 行.
NOTIC: [2] Missing argument 1 for Think\Model::where(), called in /Users/xingyoulin/www/gdio/App/Home/Controller/ListController.class.php on line 111 and defined /Users/xingyoulin/www/gdio/Include/Library/Think/Model.class.php 第 1905 行.
NOTIC: [8] Undefined variable: where /Users/xingyoulin/www/gdio/Include/Library/Think/Model.class.php 第 1913 行.
NOTIC: [8] Undefined variable: where /Users/xingyoulin/www/gdio/Include/Library/Think/Model.class.php 第 1916 行.
NOTIC: [8] Undefined variable: where /Users/xingyoulin/www/gdio/Include/Library/Think/Model.class.php 第 1924 行.
NOTIC: [8] Use of undefined constant id - assumed 'id' /Users/xingyoulin/www/gdio/App/Runtime/Cache/Home/ecab99943eb9f09ce4511b6d04af7a50 第 43 行.
NOTIC: [8] Use of undefined constant id - assumed 'id' /Users/xingyoulin/www/gdio/App/Runtime/Cache/Home/ecab99943eb9f09ce4511b6d04af7a50 第 43 行.
NOTIC: [8] Use of undefined constant id - assumed 'id' /Users/xingyoulin/www/gdio/App/Runtime/Cache/Home/ecab99943eb9f09ce4511b6d04af7a50 第 43 行.
NOTIC: [8] Use of undefined constant id - assumed 'id' /Users/xingyoulin/www/gdio/App/Runtime/Cache/Home/ecab99943eb9f09ce4511b6d04af7a50 第 43 行.
NOTIC: [8] Use of undefined constant id - assumed 'id' /Users/xingyoulin/www/gdio/App/Runtime/Cache/Home/ecab99943eb9f09ce4511b6d04af7a50 第 43 行.
NOTIC: [8] Use of undefined constant id - assumed 'id' /Users/xingyoulin/www/gdio/App/Runtime/Cache/Home/ecab99943eb9f09ce4511b6d04af7a50 第 43 行.
NOTIC: [8] Use of undefined constant id - assumed 'id' /Users/xingyoulin/www/gdio/App/Runtime/Cache/Home/ecab99943eb9f09ce4511b6d04af7a50 第 56 行.
NOTIC: [8] Use of undefined constant id - assumed 'id' /Users/xingyoulin/www/gdio/App/Runtime/Cache/Home/ecab99943eb9f09ce4511b6d04af7a50 第 56 行.
NOTIC: [8] Use of undefined constant id - assumed 'id' /Users/xingyoulin/www/gdio/App/Runtime/Cache/Home/ecab99943eb9f09ce4511b6d04af7a50 第 56 行.
NOTIC: [8] Use of undefined constant id - assumed 'id' /Users/xingyoulin/www/gdio/App/Runtime/Cache/Home/ecab99943eb9f09ce4511b6d04af7a50 第 56 行.
NOTIC: [8] Use of undefined constant id - assumed 'id' /Users/xingyoulin/www/gdio/App/Runtime/Cache/Home/ecab99943eb9f09ce4511b6d04af7a50 第 56 行.
NOTIC: [8] Use of undefined constant id - assumed 'id' /Users/xingyoulin/www/gdio/App/Runtime/Cache/Home/ecab99943eb9f09ce4511b6d04af7a50 第 56 行.
NOTIC: [8] Use of undefined constant id - assumed 'id' /Users/xingyoulin/www/gdio/App/Runtime/Cache/Home/ecab99943eb9f09ce4511b6d04af7a50 第 56 行.
NOTIC: [8] Use of undefined constant id - assumed 'id' /Users/xingyoulin/www/gdio/App/Runtime/Cache/Home/ecab99943eb9f09ce4511b6d04af7a50 第 56 行.
NOTIC: [8] Use of undefined constant id - assumed 'id' /Users/xingyoulin/www/gdio/App/Runtime/Cache/Home/ecab99943eb9f09ce4511b6d04af7a50 第 56 行.
NOTIC: [8] Use of undefined constant id - assumed 'id' /Users/xingyoulin/www/gdio/App/Runtime/Cache/Home/ecab99943eb9f09ce4511b6d04af7a50 第 56 行.
NOTIC: [8] Use of undefined constant id - assumed 'id' /Users/xingyoulin/www/gdio/App/Runtime/Cache/Home/ecab99943eb9f09ce4511b6d04af7a50 第 75 行.
NOTIC: [8] Use of undefined constant id - assumed 'id' /Users/xingyoulin/www/gdio/App/Runtime/Cache/Home/ecab99943eb9f09ce4511b6d04af7a50 第 75 行.
NOTIC: [8] Use of undefined constant id - assumed 'id' /Users/xingyoulin/www/gdio/App/Runtime/Cache/Home/ecab99943eb9f09ce4511b6d04af7a50 第 75 行.
NOTIC: [8] Use of undefined constant id - assumed 'id' /Users/xingyoulin/www/gdio/App/Runtime/Cache/Home/ecab99943eb9f09ce4511b6d04af7a50 第 75 行.
NOTIC: [8] Use of undefined constant id - assumed 'id' /Users/xingyoulin/www/gdio/App/Runtime/Cache/Home/ecab99943eb9f09ce4511b6d04af7a50 第 75 行.
NOTIC: [8] Use of undefined constant id - assumed 'id' /Users/xingyoulin/www/gdio/App/Runtime/Cache/Home/ecab99943eb9f09ce4511b6d04af7a50 第 75 行.
NOTIC: [8] Use of undefined constant id - assumed 'id' /Users/xingyoulin/www/gdio/App/Runtime/Cache/Home/ecab99943eb9f09ce4511b6d04af7a50 第 126 行.
NOTIC: [8] Use of undefined constant pid - assumed 'pid' /Users/xingyoulin/www/gdio/App/Runtime/Cache/Home/ecab99943eb9f09ce4511b6d04af7a50 第 126 行.
NOTIC: [8] Use of undefined constant id - assumed 'id' /Users/xingyoulin/www/gdio/App/Runtime/Cache/Home/ecab99943eb9f09ce4511b6d04af7a50 第 126 行.
NOTIC: [8] Use of undefined constant id - assumed 'id' /Users/xingyoulin/www/gdio/App/Runtime/Cache/Home/ecab99943eb9f09ce4511b6d04af7a50 第 126 行.
NOTIC: [8] Use of undefined constant id - assumed 'id' /Users/xingyoulin/www/gdio/App/Runtime/Cache/Home/ecab99943eb9f09ce4511b6d04af7a50 第 126 行.
NOTIC: [8] Use of undefined constant pid - assumed 'pid' /Users/xingyoulin/www/gdio/App/Runtime/Cache/Home/ecab99943eb9f09ce4511b6d04af7a50 第 126 行.
NOTIC: [8] Use of undefined constant id - assumed 'id' /Users/xingyoulin/www/gdio/App/Runtime/Cache/Home/ecab99943eb9f09ce4511b6d04af7a50 第 126 行.

[ 2023-04-19T14:54:36+08:00 ] 127.0.0.1 /index.php/tia
NOTIC: [8] Undefined index: picture_urls /Users/xingyoulin/www/gdio/App/Home/Controller/ListController.class.php 第 101 行.
NOTIC: [2] Missing argument 1 for Think\Model::where(), called in /Users/xingyoulin/www/gdio/App/Home/Controller/ListController.class.php on line 106 and defined /Users/xingyoulin/www/gdio/Include/Library/Think/Model.class.php 第 1905 行.
NOTIC: [8] Undefined variable: where /Users/xingyoulin/www/gdio/Include/Library/Think/Model.class.php 第 1913 行.
NOTIC: [8] Undefined variable: where /Users/xingyoulin/www/gdio/Include/Library/Think/Model.class.php 第 1916 行.
NOTIC: [8] Undefined variable: where /Users/xingyoulin/www/gdio/Include/Library/Think/Model.class.php 第 1924 行.
NOTIC: [2] Missing argument 1 for Think\Model::where(), called in /Users/xingyoulin/www/gdio/App/Home/Controller/ListController.class.php on line 111 and defined /Users/xingyoulin/www/gdio/Include/Library/Think/Model.class.php 第 1905 行.
NOTIC: [8] Undefined variable: where /Users/xingyoulin/www/gdio/Include/Library/Think/Model.class.php 第 1913 行.
NOTIC: [8] Undefined variable: where /Users/xingyoulin/www/gdio/Include/Library/Think/Model.class.php 第 1916 行.
NOTIC: [8] Undefined variable: where /Users/xingyoulin/www/gdio/Include/Library/Think/Model.class.php 第 1924 行.
NOTIC: [8] Use of undefined constant id - assumed 'id' /Users/xingyoulin/www/gdio/App/Runtime/Cache/Home/46766746909ca604b92aa37ee5d4815a 第 43 行.
NOTIC: [8] Use of undefined constant id - assumed 'id' /Users/xingyoulin/www/gdio/App/Runtime/Cache/Home/46766746909ca604b92aa37ee5d4815a 第 43 行.
NOTIC: [8] Use of undefined constant id - assumed 'id' /Users/xingyoulin/www/gdio/App/Runtime/Cache/Home/46766746909ca604b92aa37ee5d4815a 第 43 行.
NOTIC: [8] Use of undefined constant id - assumed 'id' /Users/xingyoulin/www/gdio/App/Runtime/Cache/Home/46766746909ca604b92aa37ee5d4815a 第 43 行.
NOTIC: [8] Use of undefined constant id - assumed 'id' /Users/xingyoulin/www/gdio/App/Runtime/Cache/Home/46766746909ca604b92aa37ee5d4815a 第 43 行.
NOTIC: [8] Use of undefined constant id - assumed 'id' /Users/xingyoulin/www/gdio/App/Runtime/Cache/Home/46766746909ca604b92aa37ee5d4815a 第 43 行.
NOTIC: [8] Use of undefined constant id - assumed 'id' /Users/xingyoulin/www/gdio/App/Runtime/Cache/Home/46766746909ca604b92aa37ee5d4815a 第 56 行.
NOTIC: [8] Use of undefined constant id - assumed 'id' /Users/xingyoulin/www/gdio/App/Runtime/Cache/Home/46766746909ca604b92aa37ee5d4815a 第 56 行.
NOTIC: [8] Use of undefined constant id - assumed 'id' /Users/xingyoulin/www/gdio/App/Runtime/Cache/Home/46766746909ca604b92aa37ee5d4815a 第 56 行.
NOTIC: [8] Use of undefined constant id - assumed 'id' /Users/xingyoulin/www/gdio/App/Runtime/Cache/Home/46766746909ca604b92aa37ee5d4815a 第 56 行.
NOTIC: [8] Use of undefined constant id - assumed 'id' /Users/xingyoulin/www/gdio/App/Runtime/Cache/Home/46766746909ca604b92aa37ee5d4815a 第 56 行.
NOTIC: [8] Use of undefined constant id - assumed 'id' /Users/xingyoulin/www/gdio/App/Runtime/Cache/Home/46766746909ca604b92aa37ee5d4815a 第 56 行.
NOTIC: [8] Use of undefined constant id - assumed 'id' /Users/xingyoulin/www/gdio/App/Runtime/Cache/Home/46766746909ca604b92aa37ee5d4815a 第 56 行.
NOTIC: [8] Use of undefined constant id - assumed 'id' /Users/xingyoulin/www/gdio/App/Runtime/Cache/Home/46766746909ca604b92aa37ee5d4815a 第 56 行.
NOTIC: [8] Use of undefined constant id - assumed 'id' /Users/xingyoulin/www/gdio/App/Runtime/Cache/Home/46766746909ca604b92aa37ee5d4815a 第 56 行.
NOTIC: [8] Use of undefined constant id - assumed 'id' /Users/xingyoulin/www/gdio/App/Runtime/Cache/Home/46766746909ca604b92aa37ee5d4815a 第 56 行.
NOTIC: [8] Use of undefined constant id - assumed 'id' /Users/xingyoulin/www/gdio/App/Runtime/Cache/Home/46766746909ca604b92aa37ee5d4815a 第 75 行.
NOTIC: [8] Use of undefined constant id - assumed 'id' /Users/xingyoulin/www/gdio/App/Runtime/Cache/Home/46766746909ca604b92aa37ee5d4815a 第 75 行.
NOTIC: [8] Use of undefined constant id - assumed 'id' /Users/xingyoulin/www/gdio/App/Runtime/Cache/Home/46766746909ca604b92aa37ee5d4815a 第 75 行.
NOTIC: [8] Use of undefined constant id - assumed 'id' /Users/xingyoulin/www/gdio/App/Runtime/Cache/Home/46766746909ca604b92aa37ee5d4815a 第 75 行.
NOTIC: [8] Use of undefined constant id - assumed 'id' /Users/xingyoulin/www/gdio/App/Runtime/Cache/Home/46766746909ca604b92aa37ee5d4815a 第 75 行.
NOTIC: [8] Use of undefined constant id - assumed 'id' /Users/xingyoulin/www/gdio/App/Runtime/Cache/Home/46766746909ca604b92aa37ee5d4815a 第 75 行.
NOTIC: [8] Use of undefined constant id - assumed 'id' /Users/xingyoulin/www/gdio/App/Runtime/Cache/Home/46766746909ca604b92aa37ee5d4815a 第 126 行.
NOTIC: [8] Use of undefined constant pid - assumed 'pid' /Users/xingyoulin/www/gdio/App/Runtime/Cache/Home/46766746909ca604b92aa37ee5d4815a 第 126 行.
NOTIC: [8] Use of undefined constant id - assumed 'id' /Users/xingyoulin/www/gdio/App/Runtime/Cache/Home/46766746909ca604b92aa37ee5d4815a 第 126 行.
NOTIC: [8] Use of undefined constant id - assumed 'id' /Users/xingyoulin/www/gdio/App/Runtime/Cache/Home/46766746909ca604b92aa37ee5d4815a 第 126 行.
NOTIC: [8] Use of undefined constant pid - assumed 'pid' /Users/xingyoulin/www/gdio/App/Runtime/Cache/Home/46766746909ca604b92aa37ee5d4815a 第 126 行.
NOTIC: [8] Use of undefined constant id - assumed 'id' /Users/xingyoulin/www/gdio/App/Runtime/Cache/Home/46766746909ca604b92aa37ee5d4815a 第 126 行.
NOTIC: [8] Use of undefined constant id - assumed 'id' /Users/xingyoulin/www/gdio/App/Runtime/Cache/Home/46766746909ca604b92aa37ee5d4815a 第 126 行.
NOTIC: [8] Use of undefined constant id - assumed 'id' /Users/xingyoulin/www/gdio/App/Runtime/Cache/Home/46766746909ca604b92aa37ee5d4815a 第 151 行.
NOTIC: [8] Use of undefined constant id - assumed 'id' /Users/xingyoulin/www/gdio/App/Runtime/Cache/Home/46766746909ca604b92aa37ee5d4815a 第 151 行.

[ 2023-04-19T14:54:41+08:00 ] 127.0.0.1 /index.php/widc
NOTIC: [8] Use of undefined constant id - assumed 'id' /Users/xingyoulin/www/gdio/App/Runtime/Cache/Home/a98499c28c2f3f2d6691c6236047ad7b 第 43 行.
NOTIC: [8] Use of undefined constant id - assumed 'id' /Users/xingyoulin/www/gdio/App/Runtime/Cache/Home/a98499c28c2f3f2d6691c6236047ad7b 第 43 行.
NOTIC: [8] Use of undefined constant id - assumed 'id' /Users/xingyoulin/www/gdio/App/Runtime/Cache/Home/a98499c28c2f3f2d6691c6236047ad7b 第 43 行.
NOTIC: [8] Use of undefined constant id - assumed 'id' /Users/xingyoulin/www/gdio/App/Runtime/Cache/Home/a98499c28c2f3f2d6691c6236047ad7b 第 43 行.
NOTIC: [8] Use of undefined constant id - assumed 'id' /Users/xingyoulin/www/gdio/App/Runtime/Cache/Home/a98499c28c2f3f2d6691c6236047ad7b 第 43 行.
NOTIC: [8] Use of undefined constant id - assumed 'id' /Users/xingyoulin/www/gdio/App/Runtime/Cache/Home/a98499c28c2f3f2d6691c6236047ad7b 第 43 行.
NOTIC: [8] Use of undefined constant id - assumed 'id' /Users/xingyoulin/www/gdio/App/Runtime/Cache/Home/a98499c28c2f3f2d6691c6236047ad7b 第 56 行.
NOTIC: [8] Use of undefined constant id - assumed 'id' /Users/xingyoulin/www/gdio/App/Runtime/Cache/Home/a98499c28c2f3f2d6691c6236047ad7b 第 56 行.
NOTIC: [8] Use of undefined constant id - assumed 'id' /Users/xingyoulin/www/gdio/App/Runtime/Cache/Home/a98499c28c2f3f2d6691c6236047ad7b 第 56 行.
NOTIC: [8] Use of undefined constant id - assumed 'id' /Users/xingyoulin/www/gdio/App/Runtime/Cache/Home/a98499c28c2f3f2d6691c6236047ad7b 第 56 行.
NOTIC: [8] Use of undefined constant id - assumed 'id' /Users/xingyoulin/www/gdio/App/Runtime/Cache/Home/a98499c28c2f3f2d6691c6236047ad7b 第 56 行.
NOTIC: [8] Use of undefined constant id - assumed 'id' /Users/xingyoulin/www/gdio/App/Runtime/Cache/Home/a98499c28c2f3f2d6691c6236047ad7b 第 56 行.
NOTIC: [8] Use of undefined constant id - assumed 'id' /Users/xingyoulin/www/gdio/App/Runtime/Cache/Home/a98499c28c2f3f2d6691c6236047ad7b 第 56 行.
NOTIC: [8] Use of undefined constant id - assumed 'id' /Users/xingyoulin/www/gdio/App/Runtime/Cache/Home/a98499c28c2f3f2d6691c6236047ad7b 第 56 行.
NOTIC: [8] Use of undefined constant id - assumed 'id' /Users/xingyoulin/www/gdio/App/Runtime/Cache/Home/a98499c28c2f3f2d6691c6236047ad7b 第 56 行.
NOTIC: [8] Use of undefined constant id - assumed 'id' /Users/xingyoulin/www/gdio/App/Runtime/Cache/Home/a98499c28c2f3f2d6691c6236047ad7b 第 56 行.
NOTIC: [8] Use of undefined constant id - assumed 'id' /Users/xingyoulin/www/gdio/App/Runtime/Cache/Home/a98499c28c2f3f2d6691c6236047ad7b 第 75 行.
NOTIC: [8] Use of undefined constant id - assumed 'id' /Users/xingyoulin/www/gdio/App/Runtime/Cache/Home/a98499c28c2f3f2d6691c6236047ad7b 第 75 行.
NOTIC: [8] Use of undefined constant id - assumed 'id' /Users/xingyoulin/www/gdio/App/Runtime/Cache/Home/a98499c28c2f3f2d6691c6236047ad7b 第 75 行.
NOTIC: [8] Use of undefined constant id - assumed 'id' /Users/xingyoulin/www/gdio/App/Runtime/Cache/Home/a98499c28c2f3f2d6691c6236047ad7b 第 75 行.
NOTIC: [8] Use of undefined constant id - assumed 'id' /Users/xingyoulin/www/gdio/App/Runtime/Cache/Home/a98499c28c2f3f2d6691c6236047ad7b 第 75 行.
NOTIC: [8] Use of undefined constant id - assumed 'id' /Users/xingyoulin/www/gdio/App/Runtime/Cache/Home/a98499c28c2f3f2d6691c6236047ad7b 第 75 行.
NOTIC: [8] Use of undefined constant id - assumed 'id' /Users/xingyoulin/www/gdio/App/Runtime/Cache/Home/a98499c28c2f3f2d6691c6236047ad7b 第 124 行.
NOTIC: [8] Use of undefined constant id - assumed 'id' /Users/xingyoulin/www/gdio/App/Runtime/Cache/Home/a98499c28c2f3f2d6691c6236047ad7b 第 124 行.
NOTIC: [8] Use of undefined constant pid - assumed 'pid' /Users/xingyoulin/www/gdio/App/Runtime/Cache/Home/a98499c28c2f3f2d6691c6236047ad7b 第 124 行.
NOTIC: [8] Use of undefined constant id - assumed 'id' /Users/xingyoulin/www/gdio/App/Runtime/Cache/Home/a98499c28c2f3f2d6691c6236047ad7b 第 124 行.
NOTIC: [8] Use of undefined constant id - assumed 'id' /Users/xingyoulin/www/gdio/App/Runtime/Cache/Home/a98499c28c2f3f2d6691c6236047ad7b 第 124 行.
NOTIC: [8] Use of undefined constant pid - assumed 'pid' /Users/xingyoulin/www/gdio/App/Runtime/Cache/Home/a98499c28c2f3f2d6691c6236047ad7b 第 124 行.
NOTIC: [8] Use of undefined constant id - assumed 'id' /Users/xingyoulin/www/gdio/App/Runtime/Cache/Home/a98499c28c2f3f2d6691c6236047ad7b 第 124 行.

[ 2023-04-19T14:54:43+08:00 ] 127.0.0.1 /index.php/events
NOTIC: [8] Undefined index: pid /Users/xingyoulin/www/gdio/App/Home/Controller/ListController.class.php 第 59 行.
NOTIC: [8] Undefined index: picture_urls /Users/xingyoulin/www/gdio/App/Home/Controller/ListController.class.php 第 101 行.
NOTIC: [2] Missing argument 1 for Think\Model::where(), called in /Users/xingyoulin/www/gdio/App/Home/Controller/ListController.class.php on line 106 and defined /Users/xingyoulin/www/gdio/Include/Library/Think/Model.class.php 第 1905 行.
NOTIC: [8] Undefined variable: where /Users/xingyoulin/www/gdio/Include/Library/Think/Model.class.php 第 1913 行.
NOTIC: [8] Undefined variable: where /Users/xingyoulin/www/gdio/Include/Library/Think/Model.class.php 第 1916 行.
NOTIC: [8] Undefined variable: where /Users/xingyoulin/www/gdio/Include/Library/Think/Model.class.php 第 1924 行.
NOTIC: [2] Missing argument 1 for Think\Model::where(), called in /Users/xingyoulin/www/gdio/App/Home/Controller/ListController.class.php on line 111 and defined /Users/xingyoulin/www/gdio/Include/Library/Think/Model.class.php 第 1905 行.
NOTIC: [8] Undefined variable: where /Users/xingyoulin/www/gdio/Include/Library/Think/Model.class.php 第 1913 行.
NOTIC: [8] Undefined variable: where /Users/xingyoulin/www/gdio/Include/Library/Think/Model.class.php 第 1916 行.
NOTIC: [8] Undefined variable: where /Users/xingyoulin/www/gdio/Include/Library/Think/Model.class.php 第 1924 行.
NOTIC: [8] Use of undefined constant id - assumed 'id' /Users/xingyoulin/www/gdio/App/Runtime/Cache/Home/1700d76a53f4df37f7392dc5cabb385b 第 43 行.
NOTIC: [8] Use of undefined constant id - assumed 'id' /Users/xingyoulin/www/gdio/App/Runtime/Cache/Home/1700d76a53f4df37f7392dc5cabb385b 第 43 行.
NOTIC: [8] Use of undefined constant id - assumed 'id' /Users/xingyoulin/www/gdio/App/Runtime/Cache/Home/1700d76a53f4df37f7392dc5cabb385b 第 43 行.
NOTIC: [8] Use of undefined constant id - assumed 'id' /Users/xingyoulin/www/gdio/App/Runtime/Cache/Home/1700d76a53f4df37f7392dc5cabb385b 第 43 行.
NOTIC: [8] Use of undefined constant id - assumed 'id' /Users/xingyoulin/www/gdio/App/Runtime/Cache/Home/1700d76a53f4df37f7392dc5cabb385b 第 43 行.
NOTIC: [8] Use of undefined constant id - assumed 'id' /Users/xingyoulin/www/gdio/App/Runtime/Cache/Home/1700d76a53f4df37f7392dc5cabb385b 第 43 行.
NOTIC: [8] Use of undefined constant id - assumed 'id' /Users/xingyoulin/www/gdio/App/Runtime/Cache/Home/1700d76a53f4df37f7392dc5cabb385b 第 56 行.
NOTIC: [8] Use of undefined constant id - assumed 'id' /Users/xingyoulin/www/gdio/App/Runtime/Cache/Home/1700d76a53f4df37f7392dc5cabb385b 第 56 行.
NOTIC: [8] Use of undefined constant id - assumed 'id' /Users/xingyoulin/www/gdio/App/Runtime/Cache/Home/1700d76a53f4df37f7392dc5cabb385b 第 56 行.
NOTIC: [8] Use of undefined constant id - assumed 'id' /Users/xingyoulin/www/gdio/App/Runtime/Cache/Home/1700d76a53f4df37f7392dc5cabb385b 第 56 行.
NOTIC: [8] Use of undefined constant id - assumed 'id' /Users/xingyoulin/www/gdio/App/Runtime/Cache/Home/1700d76a53f4df37f7392dc5cabb385b 第 56 行.
NOTIC: [8] Use of undefined constant id - assumed 'id' /Users/xingyoulin/www/gdio/App/Runtime/Cache/Home/1700d76a53f4df37f7392dc5cabb385b 第 56 行.
NOTIC: [8] Use of undefined constant id - assumed 'id' /Users/xingyoulin/www/gdio/App/Runtime/Cache/Home/1700d76a53f4df37f7392dc5cabb385b 第 56 行.
NOTIC: [8] Use of undefined constant id - assumed 'id' /Users/xingyoulin/www/gdio/App/Runtime/Cache/Home/1700d76a53f4df37f7392dc5cabb385b 第 56 行.
NOTIC: [8] Use of undefined constant id - assumed 'id' /Users/xingyoulin/www/gdio/App/Runtime/Cache/Home/1700d76a53f4df37f7392dc5cabb385b 第 56 行.
NOTIC: [8] Use of undefined constant id - assumed 'id' /Users/xingyoulin/www/gdio/App/Runtime/Cache/Home/1700d76a53f4df37f7392dc5cabb385b 第 56 行.
NOTIC: [8] Use of undefined constant id - assumed 'id' /Users/xingyoulin/www/gdio/App/Runtime/Cache/Home/1700d76a53f4df37f7392dc5cabb385b 第 75 行.
NOTIC: [8] Use of undefined constant id - assumed 'id' /Users/xingyoulin/www/gdio/App/Runtime/Cache/Home/1700d76a53f4df37f7392dc5cabb385b 第 75 行.
NOTIC: [8] Use of undefined constant id - assumed 'id' /Users/xingyoulin/www/gdio/App/Runtime/Cache/Home/1700d76a53f4df37f7392dc5cabb385b 第 75 行.
NOTIC: [8] Use of undefined constant id - assumed 'id' /Users/xingyoulin/www/gdio/App/Runtime/Cache/Home/1700d76a53f4df37f7392dc5cabb385b 第 75 行.
NOTIC: [8] Use of undefined constant id - assumed 'id' /Users/xingyoulin/www/gdio/App/Runtime/Cache/Home/1700d76a53f4df37f7392dc5cabb385b 第 75 行.
NOTIC: [8] Use of undefined constant id - assumed 'id' /Users/xingyoulin/www/gdio/App/Runtime/Cache/Home/1700d76a53f4df37f7392dc5cabb385b 第 75 行.

[ 2023-04-19T14:54:43+08:00 ] 127.0.0.1 /index.php/widc
NOTIC: [8] Use of undefined constant id - assumed 'id' /Users/xingyoulin/www/gdio/App/Runtime/Cache/Home/a98499c28c2f3f2d6691c6236047ad7b 第 43 行.
NOTIC: [8] Use of undefined constant id - assumed 'id' /Users/xingyoulin/www/gdio/App/Runtime/Cache/Home/a98499c28c2f3f2d6691c6236047ad7b 第 43 行.
NOTIC: [8] Use of undefined constant id - assumed 'id' /Users/xingyoulin/www/gdio/App/Runtime/Cache/Home/a98499c28c2f3f2d6691c6236047ad7b 第 43 行.
NOTIC: [8] Use of undefined constant id - assumed 'id' /Users/xingyoulin/www/gdio/App/Runtime/Cache/Home/a98499c28c2f3f2d6691c6236047ad7b 第 43 行.
NOTIC: [8] Use of undefined constant id - assumed 'id' /Users/xingyoulin/www/gdio/App/Runtime/Cache/Home/a98499c28c2f3f2d6691c6236047ad7b 第 43 行.
NOTIC: [8] Use of undefined constant id - assumed 'id' /Users/xingyoulin/www/gdio/App/Runtime/Cache/Home/a98499c28c2f3f2d6691c6236047ad7b 第 43 行.
NOTIC: [8] Use of undefined constant id - assumed 'id' /Users/xingyoulin/www/gdio/App/Runtime/Cache/Home/a98499c28c2f3f2d6691c6236047ad7b 第 56 行.
NOTIC: [8] Use of undefined constant id - assumed 'id' /Users/xingyoulin/www/gdio/App/Runtime/Cache/Home/a98499c28c2f3f2d6691c6236047ad7b 第 56 行.
NOTIC: [8] Use of undefined constant id - assumed 'id' /Users/xingyoulin/www/gdio/App/Runtime/Cache/Home/a98499c28c2f3f2d6691c6236047ad7b 第 56 行.
NOTIC: [8] Use of undefined constant id - assumed 'id' /Users/xingyoulin/www/gdio/App/Runtime/Cache/Home/a98499c28c2f3f2d6691c6236047ad7b 第 56 行.
NOTIC: [8] Use of undefined constant id - assumed 'id' /Users/xingyoulin/www/gdio/App/Runtime/Cache/Home/a98499c28c2f3f2d6691c6236047ad7b 第 56 行.
NOTIC: [8] Use of undefined constant id - assumed 'id' /Users/xingyoulin/www/gdio/App/Runtime/Cache/Home/a98499c28c2f3f2d6691c6236047ad7b 第 56 行.
NOTIC: [8] Use of undefined constant id - assumed 'id' /Users/xingyoulin/www/gdio/App/Runtime/Cache/Home/a98499c28c2f3f2d6691c6236047ad7b 第 56 行.
NOTIC: [8] Use of undefined constant id - assumed 'id' /Users/xingyoulin/www/gdio/App/Runtime/Cache/Home/a98499c28c2f3f2d6691c6236047ad7b 第 56 行.
NOTIC: [8] Use of undefined constant id - assumed 'id' /Users/xingyoulin/www/gdio/App/Runtime/Cache/Home/a98499c28c2f3f2d6691c6236047ad7b 第 56 行.
NOTIC: [8] Use of undefined constant id - assumed 'id' /Users/xingyoulin/www/gdio/App/Runtime/Cache/Home/a98499c28c2f3f2d6691c6236047ad7b 第 56 行.
NOTIC: [8] Use of undefined constant id - assumed 'id' /Users/xingyoulin/www/gdio/App/Runtime/Cache/Home/a98499c28c2f3f2d6691c6236047ad7b 第 75 行.
NOTIC: [8] Use of undefined constant id - assumed 'id' /Users/xingyoulin/www/gdio/App/Runtime/Cache/Home/a98499c28c2f3f2d6691c6236047ad7b 第 75 行.
NOTIC: [8] Use of undefined constant id - assumed 'id' /Users/xingyoulin/www/gdio/App/Runtime/Cache/Home/a98499c28c2f3f2d6691c6236047ad7b 第 75 行.
NOTIC: [8] Use of undefined constant id - assumed 'id' /Users/xingyoulin/www/gdio/App/Runtime/Cache/Home/a98499c28c2f3f2d6691c6236047ad7b 第 75 行.
NOTIC: [8] Use of undefined constant id - assumed 'id' /Users/xingyoulin/www/gdio/App/Runtime/Cache/Home/a98499c28c2f3f2d6691c6236047ad7b 第 75 行.
NOTIC: [8] Use of undefined constant id - assumed 'id' /Users/xingyoulin/www/gdio/App/Runtime/Cache/Home/a98499c28c2f3f2d6691c6236047ad7b 第 75 行.
NOTIC: [8] Use of undefined constant id - assumed 'id' /Users/xingyoulin/www/gdio/App/Runtime/Cache/Home/a98499c28c2f3f2d6691c6236047ad7b 第 124 行.
NOTIC: [8] Use of undefined constant id - assumed 'id' /Users/xingyoulin/www/gdio/App/Runtime/Cache/Home/a98499c28c2f3f2d6691c6236047ad7b 第 124 行.
NOTIC: [8] Use of undefined constant pid - assumed 'pid' /Users/xingyoulin/www/gdio/App/Runtime/Cache/Home/a98499c28c2f3f2d6691c6236047ad7b 第 124 行.
NOTIC: [8] Use of undefined constant id - assumed 'id' /Users/xingyoulin/www/gdio/App/Runtime/Cache/Home/a98499c28c2f3f2d6691c6236047ad7b 第 124 行.
NOTIC: [8] Use of undefined constant id - assumed 'id' /Users/xingyoulin/www/gdio/App/Runtime/Cache/Home/a98499c28c2f3f2d6691c6236047ad7b 第 124 行.
NOTIC: [8] Use of undefined constant pid - assumed 'pid' /Users/xingyoulin/www/gdio/App/Runtime/Cache/Home/a98499c28c2f3f2d6691c6236047ad7b 第 124 行.
NOTIC: [8] Use of undefined constant id - assumed 'id' /Users/xingyoulin/www/gdio/App/Runtime/Cache/Home/a98499c28c2f3f2d6691c6236047ad7b 第 124 行.

[ 2023-04-19T14:54:52+08:00 ] 127.0.0.1 /index.php/investment
NOTIC: [8] Undefined index: pid /Users/xingyoulin/www/gdio/App/Home/Controller/ListController.class.php 第 59 行.
NOTIC: [8] Undefined index: picture_urls /Users/xingyoulin/www/gdio/App/Home/Controller/ListController.class.php 第 101 行.
NOTIC: [2] Missing argument 1 for Think\Model::where(), called in /Users/xingyoulin/www/gdio/App/Home/Controller/ListController.class.php on line 106 and defined /Users/xingyoulin/www/gdio/Include/Library/Think/Model.class.php 第 1905 行.
NOTIC: [8] Undefined variable: where /Users/xingyoulin/www/gdio/Include/Library/Think/Model.class.php 第 1913 行.
NOTIC: [8] Undefined variable: where /Users/xingyoulin/www/gdio/Include/Library/Think/Model.class.php 第 1916 行.
NOTIC: [8] Undefined variable: where /Users/xingyoulin/www/gdio/Include/Library/Think/Model.class.php 第 1924 行.
NOTIC: [2] Missing argument 1 for Think\Model::where(), called in /Users/xingyoulin/www/gdio/App/Home/Controller/ListController.class.php on line 111 and defined /Users/xingyoulin/www/gdio/Include/Library/Think/Model.class.php 第 1905 行.
NOTIC: [8] Undefined variable: where /Users/xingyoulin/www/gdio/Include/Library/Think/Model.class.php 第 1913 行.
NOTIC: [8] Undefined variable: where /Users/xingyoulin/www/gdio/Include/Library/Think/Model.class.php 第 1916 行.
NOTIC: [8] Undefined variable: where /Users/xingyoulin/www/gdio/Include/Library/Think/Model.class.php 第 1924 行.
NOTIC: [8] Use of undefined constant id - assumed 'id' /Users/xingyoulin/www/gdio/App/Runtime/Cache/Home/557589943e41f8fa26788fa4ec3b254b 第 42 行.
NOTIC: [8] Use of undefined constant id - assumed 'id' /Users/xingyoulin/www/gdio/App/Runtime/Cache/Home/557589943e41f8fa26788fa4ec3b254b 第 42 行.
NOTIC: [8] Use of undefined constant id - assumed 'id' /Users/xingyoulin/www/gdio/App/Runtime/Cache/Home/557589943e41f8fa26788fa4ec3b254b 第 42 行.
NOTIC: [8] Use of undefined constant id - assumed 'id' /Users/xingyoulin/www/gdio/App/Runtime/Cache/Home/557589943e41f8fa26788fa4ec3b254b 第 42 行.
NOTIC: [8] Use of undefined constant id - assumed 'id' /Users/xingyoulin/www/gdio/App/Runtime/Cache/Home/557589943e41f8fa26788fa4ec3b254b 第 42 行.
NOTIC: [8] Use of undefined constant id - assumed 'id' /Users/xingyoulin/www/gdio/App/Runtime/Cache/Home/557589943e41f8fa26788fa4ec3b254b 第 42 行.
NOTIC: [8] Use of undefined constant id - assumed 'id' /Users/xingyoulin/www/gdio/App/Runtime/Cache/Home/557589943e41f8fa26788fa4ec3b254b 第 55 行.
NOTIC: [8] Use of undefined constant id - assumed 'id' /Users/xingyoulin/www/gdio/App/Runtime/Cache/Home/557589943e41f8fa26788fa4ec3b254b 第 55 行.
NOTIC: [8] Use of undefined constant id - assumed 'id' /Users/xingyoulin/www/gdio/App/Runtime/Cache/Home/557589943e41f8fa26788fa4ec3b254b 第 55 行.
NOTIC: [8] Use of undefined constant id - assumed 'id' /Users/xingyoulin/www/gdio/App/Runtime/Cache/Home/557589943e41f8fa26788fa4ec3b254b 第 55 行.
NOTIC: [8] Use of undefined constant id - assumed 'id' /Users/xingyoulin/www/gdio/App/Runtime/Cache/Home/557589943e41f8fa26788fa4ec3b254b 第 55 行.
NOTIC: [8] Use of undefined constant id - assumed 'id' /Users/xingyoulin/www/gdio/App/Runtime/Cache/Home/557589943e41f8fa26788fa4ec3b254b 第 55 行.
NOTIC: [8] Use of undefined constant id - assumed 'id' /Users/xingyoulin/www/gdio/App/Runtime/Cache/Home/557589943e41f8fa26788fa4ec3b254b 第 55 行.
NOTIC: [8] Use of undefined constant id - assumed 'id' /Users/xingyoulin/www/gdio/App/Runtime/Cache/Home/557589943e41f8fa26788fa4ec3b254b 第 55 行.
NOTIC: [8] Use of undefined constant id - assumed 'id' /Users/xingyoulin/www/gdio/App/Runtime/Cache/Home/557589943e41f8fa26788fa4ec3b254b 第 55 行.
NOTIC: [8] Use of undefined constant id - assumed 'id' /Users/xingyoulin/www/gdio/App/Runtime/Cache/Home/557589943e41f8fa26788fa4ec3b254b 第 55 行.
NOTIC: [8] Use of undefined constant id - assumed 'id' /Users/xingyoulin/www/gdio/App/Runtime/Cache/Home/557589943e41f8fa26788fa4ec3b254b 第 74 行.
NOTIC: [8] Use of undefined constant id - assumed 'id' /Users/xingyoulin/www/gdio/App/Runtime/Cache/Home/557589943e41f8fa26788fa4ec3b254b 第 74 行.
NOTIC: [8] Use of undefined constant id - assumed 'id' /Users/xingyoulin/www/gdio/App/Runtime/Cache/Home/557589943e41f8fa26788fa4ec3b254b 第 74 行.
NOTIC: [8] Use of undefined constant id - assumed 'id' /Users/xingyoulin/www/gdio/App/Runtime/Cache/Home/557589943e41f8fa26788fa4ec3b254b 第 74 行.
NOTIC: [8] Use of undefined constant id - assumed 'id' /Users/xingyoulin/www/gdio/App/Runtime/Cache/Home/557589943e41f8fa26788fa4ec3b254b 第 74 行.
NOTIC: [8] Use of undefined constant id - assumed 'id' /Users/xingyoulin/www/gdio/App/Runtime/Cache/Home/557589943e41f8fa26788fa4ec3b254b 第 74 行.

[ 2023-04-19T14:54:52+08:00 ] 127.0.0.1 /index.php/leading
NOTIC: [8] Use of undefined constant id - assumed 'id' /Users/xingyoulin/www/gdio/App/Runtime/Cache/Home/564a26fed6667659fed45f33f41e3370 第 43 行.
NOTIC: [8] Use of undefined constant id - assumed 'id' /Users/xingyoulin/www/gdio/App/Runtime/Cache/Home/564a26fed6667659fed45f33f41e3370 第 43 行.
NOTIC: [8] Use of undefined constant id - assumed 'id' /Users/xingyoulin/www/gdio/App/Runtime/Cache/Home/564a26fed6667659fed45f33f41e3370 第 43 行.
NOTIC: [8] Use of undefined constant id - assumed 'id' /Users/xingyoulin/www/gdio/App/Runtime/Cache/Home/564a26fed6667659fed45f33f41e3370 第 43 行.
NOTIC: [8] Use of undefined constant id - assumed 'id' /Users/xingyoulin/www/gdio/App/Runtime/Cache/Home/564a26fed6667659fed45f33f41e3370 第 43 行.
NOTIC: [8] Use of undefined constant id - assumed 'id' /Users/xingyoulin/www/gdio/App/Runtime/Cache/Home/564a26fed6667659fed45f33f41e3370 第 43 行.
NOTIC: [8] Use of undefined constant id - assumed 'id' /Users/xingyoulin/www/gdio/App/Runtime/Cache/Home/564a26fed6667659fed45f33f41e3370 第 56 行.
NOTIC: [8] Use of undefined constant id - assumed 'id' /Users/xingyoulin/www/gdio/App/Runtime/Cache/Home/564a26fed6667659fed45f33f41e3370 第 56 行.
NOTIC: [8] Use of undefined constant id - assumed 'id' /Users/xingyoulin/www/gdio/App/Runtime/Cache/Home/564a26fed6667659fed45f33f41e3370 第 56 行.
NOTIC: [8] Use of undefined constant id - assumed 'id' /Users/xingyoulin/www/gdio/App/Runtime/Cache/Home/564a26fed6667659fed45f33f41e3370 第 56 行.
NOTIC: [8] Use of undefined constant id - assumed 'id' /Users/xingyoulin/www/gdio/App/Runtime/Cache/Home/564a26fed6667659fed45f33f41e3370 第 56 行.
NOTIC: [8] Use of undefined constant id - assumed 'id' /Users/xingyoulin/www/gdio/App/Runtime/Cache/Home/564a26fed6667659fed45f33f41e3370 第 56 行.
NOTIC: [8] Use of undefined constant id - assumed 'id' /Users/xingyoulin/www/gdio/App/Runtime/Cache/Home/564a26fed6667659fed45f33f41e3370 第 56 行.
NOTIC: [8] Use of undefined constant id - assumed 'id' /Users/xingyoulin/www/gdio/App/Runtime/Cache/Home/564a26fed6667659fed45f33f41e3370 第 56 行.
NOTIC: [8] Use of undefined constant id - assumed 'id' /Users/xingyoulin/www/gdio/App/Runtime/Cache/Home/564a26fed6667659fed45f33f41e3370 第 56 行.
NOTIC: [8] Use of undefined constant id - assumed 'id' /Users/xingyoulin/www/gdio/App/Runtime/Cache/Home/564a26fed6667659fed45f33f41e3370 第 56 行.
NOTIC: [8] Use of undefined constant id - assumed 'id' /Users/xingyoulin/www/gdio/App/Runtime/Cache/Home/564a26fed6667659fed45f33f41e3370 第 75 行.
NOTIC: [8] Use of undefined constant id - assumed 'id' /Users/xingyoulin/www/gdio/App/Runtime/Cache/Home/564a26fed6667659fed45f33f41e3370 第 75 行.
NOTIC: [8] Use of undefined constant id - assumed 'id' /Users/xingyoulin/www/gdio/App/Runtime/Cache/Home/564a26fed6667659fed45f33f41e3370 第 75 行.
NOTIC: [8] Use of undefined constant id - assumed 'id' /Users/xingyoulin/www/gdio/App/Runtime/Cache/Home/564a26fed6667659fed45f33f41e3370 第 75 行.
NOTIC: [8] Use of undefined constant id - assumed 'id' /Users/xingyoulin/www/gdio/App/Runtime/Cache/Home/564a26fed6667659fed45f33f41e3370 第 75 行.
NOTIC: [8] Use of undefined constant id - assumed 'id' /Users/xingyoulin/www/gdio/App/Runtime/Cache/Home/564a26fed6667659fed45f33f41e3370 第 75 行.
NOTIC: [8] Use of undefined constant id - assumed 'id' /Users/xingyoulin/www/gdio/App/Runtime/Cache/Home/564a26fed6667659fed45f33f41e3370 第 125 行.
NOTIC: [8] Use of undefined constant pid - assumed 'pid' /Users/xingyoulin/www/gdio/App/Runtime/Cache/Home/564a26fed6667659fed45f33f41e3370 第 125 行.
NOTIC: [8] Use of undefined constant id - assumed 'id' /Users/xingyoulin/www/gdio/App/Runtime/Cache/Home/564a26fed6667659fed45f33f41e3370 第 125 行.
NOTIC: [8] Use of undefined constant id - assumed 'id' /Users/xingyoulin/www/gdio/App/Runtime/Cache/Home/564a26fed6667659fed45f33f41e3370 第 125 行.
NOTIC: [8] Use of undefined constant pid - assumed 'pid' /Users/xingyoulin/www/gdio/App/Runtime/Cache/Home/564a26fed6667659fed45f33f41e3370 第 125 行.
NOTIC: [8] Use of undefined constant id - assumed 'id' /Users/xingyoulin/www/gdio/App/Runtime/Cache/Home/564a26fed6667659fed45f33f41e3370 第 125 行.
NOTIC: [8] Use of undefined constant id - assumed 'id' /Users/xingyoulin/www/gdio/App/Runtime/Cache/Home/564a26fed6667659fed45f33f41e3370 第 125 行.
NOTIC: [8] Use of undefined constant pid - assumed 'pid' /Users/xingyoulin/www/gdio/App/Runtime/Cache/Home/564a26fed6667659fed45f33f41e3370 第 125 行.
NOTIC: [8] Use of undefined constant id - assumed 'id' /Users/xingyoulin/www/gdio/App/Runtime/Cache/Home/564a26fed6667659fed45f33f41e3370 第 125 行.

